-- MS_init()
--[[
MeshSim version 8.0 Build 140112
--]]
MS_init()
-- SimAcis_start(1)
--[[
SimAcis Build 140112
Kernel Version: 24.0.1
--]]
SimAcis_start(1)
-- Progress_new()
p1633983750336 = Progress_new()
-- Progress_setCallback(p1633983750336, p14607712)
-- Progress_setCallback(p1633983750336, p14607712)
-- AcisNM_createFromFile("SX_ACIS.sat", 0)
r1635553129056 = AcisNM_createFromFile("SX_ACIS.sat", 0)
-- GM_createFromNativeModel(r1635553129056, p1633983750336)
r1632597578048 = GM_createFromNativeModel(r1635553129056, p1633983750336)
-- NM_release(r1635553129056)
NM_release(r1635553129056)
--[[
pl1669695629200 = PList_new()
GM_isValid(r1632597578048, 0, pl1669695629200)
PList_delete(pl1669695629200)
pl1669695629200 = nil
--]]
pl1669695629200 = PList_new()
GM_isValid(r1632597578048, 0, pl1669695629200)
PList_delete(pl1669695629200)
pl1669695629200 = nil
-- M_new(0, r1632597578048)
r1633982064336 = M_new(0, r1632597578048)
-- MS_newMeshCase(r1632597578048)
n1632585197424 = MS_newMeshCase(r1632597578048)
-- MS_setMeshSize(n1632585197424, GM_domain(r1632597578048), 2, 0.1, nil)
MS_setMeshSize(n1632585197424, GM_domain(r1632597578048), 2, 0.1, nil)
-- MS_setMeshCurv(n1632585197424, GM_domain(r1632597578048), 2, 0.099456183689829)
MS_setMeshCurv(n1632585197424, GM_domain(r1632597578048), 2, 0.099456183689829)
-- MS_setMinCurvSize(n1632585197424, GM_domain(r1632597578048), 2, 0.01)
MS_setMinCurvSize(n1632585197424, GM_domain(r1632597578048), 2, 0.01)
-- SurfaceMesher_new(n1632585197424, r1633982064336)
p1669692581808 = SurfaceMesher_new(n1632585197424, r1633982064336)
-- SurfaceMesher_execute(p1669692581808, p1633983750336)
SurfaceMesher_execute(p1669692581808, p1633983750336)
-- VolumeMesher_new(n1632585197424, r1633982064336)
p1633987056016 = VolumeMesher_new(n1632585197424, r1633982064336)
-- VolumeMesher_execute(p1633987056016, p1633983750336)
VolumeMesher_execute(p1633987056016, p1633983750336)
-- SurfaceMesher_delete(p1669692581808)
SurfaceMesher_delete(p1669692581808)
-- VolumeMesher_delete(p1633987056016)
VolumeMesher_delete(p1633987056016)
-- MS_deleteMeshCase(n1632585197424)
MS_deleteMeshCase(n1632585197424)
-- M_release(r1633982064336)
M_release(r1633982064336)
-- GM_release(r1632597578048)
GM_release(r1632597578048)
-- Progress_delete(p1633983750336)
Progress_delete(p1633983750336)
