[ AutoCAD - Tue Feb 08 22:02:09 2022  ]----------------------------------------
No duplicate nodes or insulation nodalization warnings found

Overriding 1 symbol values for this case set

Undefined symbol: 'PCB_PCB' in expression:
PCB_PCB
The error occurred while updating: Edge Contactor-Interrior Cards to Backplane[CARDS][2]::12F5
There were expression errors, default value of 1.0 will be returned.

Undefined symbol: 'Alpha_Cu' in expression:
Alpha_Cu 
The error occurred while updating: Optical prop: Copper
There were expression errors, default value of 1.0 will be returned.

Undefined symbol: 'Epsilon_Cu' in expression:
Epsilon_Cu 
The error occurred while updating: Optical prop: Copper
There were expression errors, default value of 1.0 will be returned.

Undefined symbol: 'Alpha_SolarPanel' in expression:
Alpha_SolarPanel
The error occurred while updating: Optical prop: Solar Panel
There were expression errors, default value of 1.0 will be returned.

Undefined symbol: 'Epsilon_SolarPanel' in expression:
Epsilon_SolarPanel
The error occurred while updating: Optical prop: Solar Panel
There were expression errors, default value of 1.0 will be returned.

Undefined symbol: 'k_Battery' in expression:
k_Battery
The error occurred while updating: Thermo prop: Battery
There were expression errors, default value of 1.0 will be returned.

Undefined symbol: 'rho_Battery' in expression:
rho_Battery
The error occurred while updating: Thermo prop: Battery
There were expression errors, default value of 1.0 will be returned.

Undefined symbol: 'cp_Battery' in expression:
cp_Battery
The error occurred while updating: Thermo prop: Battery
There were expression errors, default value of 1.0 will be returned.

Undefined symbol: 'k_Cu' in expression:
k_Cu 
The error occurred while updating: Thermo prop: Copper
There were expression errors, default value of 1.0 will be returned.

Undefined symbol: 'rho_Cu' in expression:
rho_Cu
The error occurred while updating: Thermo prop: Copper
There were expression errors, default value of 1.0 will be returned.

Undefined symbol: 'cp_Cu' in expression:
cp_Cu 
The error occurred while updating: Thermo prop: Copper
There were expression errors, default value of 1.0 will be returned.

Undefined symbol: 'k_SS' in expression:
k_SS
The error occurred while updating: Thermo prop: Stainless Steel
There were expression errors, default value of 1.0 will be returned.

Calculating SINDA/FLUINT data
Calculating Thermal Analyzer Input took 0.47 sec

Outputting SINDA/FLUINT data
Outputting data for submodel CARDS...
Outputting data for submodel FRAMES...
Outputting data for submodel GLOBAL...
Outputting data for submodel SOLAR_CARDS...
Outputting data for submodel SOLAR_PANELS...
Outputting data for submodel SPACE...
    Number of nodes:      2121
    Number of conductors: 5232
    
Total Nodal Mass = 0.933080 kg


*** RADCAD RAYTRACE RADK RUN START for database Exterior-RcOptics.rck
Database already exists, checking to see if the model has changed...
Using regular optical properties
Outputting SINDA data to C0A0.k
Restart was successful. No calculations were performed.
    920 calculation nodes
    920 radks were output, 0 radks were filtered out
    0 nodes(0%) have bij sum + bij inactive < .9
    5000 average number of rays per node shot
    384 nodes(41%) have Bij Inactive > .2
        This may be ok, but may be an indication of an incorrect active side
     
    No overlapping surfaces greater than 10.0% found in Exterior


*** RADCAD RAYTRACE HEATING RATES RUN START for database Exterior-orbit-RcOptics.rch

Undefined symbol: 'PCB_PCB' in expression:
PCB_PCB
The error occurred while updating: Edge Contactor-Interrior Cards to Backplane[CARDS][2]::12F5
There were expression errors, default value of 1.0 will be returned.

Undefined symbol: 'Alpha_Cu' in expression:
Alpha_Cu 
The error occurred while updating: Optical prop: Copper
There were expression errors, default value of 1.0 will be returned.

Undefined symbol: 'Epsilon_Cu' in expression:
Epsilon_Cu 
The error occurred while updating: Optical prop: Copper
There were expression errors, default value of 1.0 will be returned.

Undefined symbol: 'Alpha_SolarPanel' in expression:
Alpha_SolarPanel
The error occurred while updating: Optical prop: Solar Panel
There were expression errors, default value of 1.0 will be returned.

Undefined symbol: 'Epsilon_SolarPanel' in expression:
Epsilon_SolarPanel
The error occurred while updating: Optical prop: Solar Panel
There were expression errors, default value of 1.0 will be returned.

Undefined symbol: 'k_Battery' in expression:
k_Battery
The error occurred while updating: Thermo prop: Battery
There were expression errors, default value of 1.0 will be returned.

Undefined symbol: 'rho_Battery' in expression:
rho_Battery
The error occurred while updating: Thermo prop: Battery
There were expression errors, default value of 1.0 will be returned.

Undefined symbol: 'cp_Battery' in expression:
cp_Battery
The error occurred while updating: Thermo prop: Battery
There were expression errors, default value of 1.0 will be returned.

Undefined symbol: 'k_Cu' in expression:
k_Cu 
The error occurred while updating: Thermo prop: Copper
There were expression errors, default value of 1.0 will be returned.

Undefined symbol: 'rho_Cu' in expression:
rho_Cu
The error occurred while updating: Thermo prop: Copper
There were expression errors, default value of 1.0 will be returned.

Undefined symbol: 'cp_Cu' in expression:
cp_Cu 
The error occurred while updating: Thermo prop: Copper
There were expression errors, default value of 1.0 will be returned.

Undefined symbol: 'k_SS' in expression:
k_SS
The error occurred while updating: Thermo prop: Stainless Steel
There were expression errors, default value of 1.0 will be returned.
Database already exists, checking to see if the model has changed...
CheckRestart: Number of orbit positions does not match
Deleting old database named Exterior-orbit-RcOptics.rch
Creating new database named Exterior-orbit-RcOptics.rch
Using regular optical properties
Fixed RadCAD
Fixed license found.
Start and End position calc already done
Total Elapsed time for heating rate calculations = 2.47 sec
Outputting SINDA/FLUINT heating rate data to files:
    C0A1.hra for arrays and C0A1.hrl for logic...
Total Elapsed time for heating rate calculations and output = 2.87 sec


*** RADCAD RAYTRACE RADK RUN START for database Interior-RcOptics.rck
Database already exists, checking to see if the model has changed...
Using regular optical properties
Restart was successful. No calculations were performed.
    1300 calculation nodes
    83149 radks were output, 166269 radks were filtered out
    16 nodes(1%) have bij sum + bij inactive < .9
        This may be ok, but could be reduced by lowering the BIJ Cutoff on the RADK Output Page
    5000 average number of rays per node shot
    630 nodes(48%)  have weighted error > 25
        This can be lowered by shooting more rays
     
    No overlapping surfaces greater than 10.0% found in Interior


*** RADCAD RAYTRACE HEATING RATES RUN START for database Interior-orbit-RcOptics.rch

Undefined symbol: 'PCB_PCB' in expression:
PCB_PCB
The error occurred while updating: Edge Contactor-Interrior Cards to Backplane[CARDS][2]::12F5
There were expression errors, default value of 1.0 will be returned.

Undefined symbol: 'Alpha_Cu' in expression:
Alpha_Cu 
The error occurred while updating: Optical prop: Copper
There were expression errors, default value of 1.0 will be returned.

Undefined symbol: 'Epsilon_Cu' in expression:
Epsilon_Cu 
The error occurred while updating: Optical prop: Copper
There were expression errors, default value of 1.0 will be returned.

Undefined symbol: 'Alpha_SolarPanel' in expression:
Alpha_SolarPanel
The error occurred while updating: Optical prop: Solar Panel
There were expression errors, default value of 1.0 will be returned.

Undefined symbol: 'Epsilon_SolarPanel' in expression:
Epsilon_SolarPanel
The error occurred while updating: Optical prop: Solar Panel
There were expression errors, default value of 1.0 will be returned.

Undefined symbol: 'k_Battery' in expression:
k_Battery
The error occurred while updating: Thermo prop: Battery
There were expression errors, default value of 1.0 will be returned.

Undefined symbol: 'rho_Battery' in expression:
rho_Battery
The error occurred while updating: Thermo prop: Battery
There were expression errors, default value of 1.0 will be returned.

Undefined symbol: 'cp_Battery' in expression:
cp_Battery
The error occurred while updating: Thermo prop: Battery
There were expression errors, default value of 1.0 will be returned.

Undefined symbol: 'k_Cu' in expression:
k_Cu 
The error occurred while updating: Thermo prop: Copper
There were expression errors, default value of 1.0 will be returned.

Undefined symbol: 'rho_Cu' in expression:
rho_Cu
The error occurred while updating: Thermo prop: Copper
There were expression errors, default value of 1.0 will be returned.

Undefined symbol: 'cp_Cu' in expression:
cp_Cu 
The error occurred while updating: Thermo prop: Copper
There were expression errors, default value of 1.0 will be returned.

Undefined symbol: 'k_SS' in expression:
k_SS
The error occurred while updating: Thermo prop: Stainless Steel
There were expression errors, default value of 1.0 will be returned.
Creating new database named Interior-orbit-RcOptics.rch
Using regular optical properties
Fixed RadCAD
Fixed license found.
Start and End position calc already done
Total Elapsed time for heating rate calculations = 5.38 sec
Outputting SINDA/FLUINT heating rate data to files:
    C0A3.hra for arrays and C0A3.hrl for logic...
Total Elapsed time for heating rate calculations and output = 5.75 sec

*** Running SINDA model named C:\Users\zachg\OneDrive\Documents\School\.Oresat0 Thermal Sim\case0.inp
Successful completion of processor
From C:\Users\zachg\OneDrive\Documents\School\.Oresat0 Thermal Sim\messages_case0.log
     TIMEN  =    11353.96      The ASTAP execution time is:    9.21953469997970       seconds
Time to run SINDA = 13.34 sec

Case Set Solved::Elapsed time = 23.69 sec
